<?xml version="1.0" encoding="UTF-8"?>
<!-- Generated by org.testng.reporters.JUnitReportReporter -->
<testsuite hostname="Wildsprit" name="com.orangehrm.testcases.VerifyValidLogin" tests="1" failures="0" timestamp="17 Sep 2023 06:49:02 GMT" time="23.821" errors="0">
  <testcase name="CheckValidCredentials" time="23.821" classname="com.orangehrm.testcases.VerifyValidLogin"/>
</testsuite> <!-- com.orangehrm.testcases.VerifyValidLogin -->
