<?xml version="1.0" encoding="UTF-8"?>
<!-- Generated by org.testng.reporters.JUnitReportReporter -->
<testsuite hostname="Wildsprit" name="com.orangehrm.testcases.Testcase" tests="1" failures="0" timestamp="10 Sep 2023 14:54:05 GMT" time="25.412" errors="0">
  <testcase name="tc" time="25.412" classname="com.orangehrm.testcases.Testcase"/>
</testsuite> <!-- com.orangehrm.testcases.Testcase -->
