<?xml version="1.0" encoding="UTF-8"?>
<!-- Generated by org.testng.reporters.JUnitReportReporter -->
<testsuite hostname="Wildsprit" name="com.orangehrm.testdata.Demooo" tests="1" failures="0" timestamp="18 Oct 2023 10:41:56 GMT" time="39.907" errors="0">
  <testcase name="launch" time="39.907" classname="com.orangehrm.testdata.Demooo"/>
</testsuite> <!-- com.orangehrm.testdata.Demooo -->
